This is pdfTeX, Version 3.14159265-2.6-1.40.20 (TeX Live 2019) (preloaded format=pdflatex 2019.11.3)  5 NOV 2020 16:19
entering extended mode
 restricted \write18 enabled.
 file:line:error style messages enabled.
 %&-line parsing enabled.
**Slow_passage_PWL.tex
(./Slow_passage_PWL.tex
LaTeX2e <2018-12-01>
(/usr/local/texlive/2019/texmf-dist/tex/latex/base/article.cls
Document Class: article 2018/09/03 v1.4i Standard LaTeX document class
(/usr/local/texlive/2019/texmf-dist/tex/latex/base/size11.clo
File: size11.clo 2018/09/03 v1.4i Standard LaTeX file (size option)
)
\c@part=\count80
\c@section=\count81
\c@subsection=\count82
\c@subsubsection=\count83
\c@paragraph=\count84
\c@subparagraph=\count85
\c@figure=\count86
\c@table=\count87
\abovecaptionskip=\skip41
\belowcaptionskip=\skip42
\bibindent=\dimen102
)
(/usr/local/texlive/2019/texmf-dist/tex/latex/amsmath/amsmath.sty
Package: amsmath 2018/12/01 v2.17b AMS math features
\@mathmargin=\skip43

For additional information on amsmath, use the `?' option.
(/usr/local/texlive/2019/texmf-dist/tex/latex/amsmath/amstext.sty
Package: amstext 2000/06/29 v2.01 AMS text

(/usr/local/texlive/2019/texmf-dist/tex/latex/amsmath/amsgen.sty
File: amsgen.sty 1999/11/30 v2.0 generic functions
\@emptytoks=\toks14
\ex@=\dimen103
))
(/usr/local/texlive/2019/texmf-dist/tex/latex/amsmath/amsbsy.sty
Package: amsbsy 1999/11/29 v1.2d Bold Symbols
\pmbraise@=\dimen104
)
(/usr/local/texlive/2019/texmf-dist/tex/latex/amsmath/amsopn.sty
Package: amsopn 2016/03/08 v2.02 operator names
)
\inf@bad=\count88
LaTeX Info: Redefining \frac on input line 223.
\uproot@=\count89
\leftroot@=\count90
LaTeX Info: Redefining \overline on input line 385.
\classnum@=\count91
\DOTSCASE@=\count92
LaTeX Info: Redefining \ldots on input line 482.
LaTeX Info: Redefining \dots on input line 485.
LaTeX Info: Redefining \cdots on input line 606.
\Mathstrutbox@=\box27
\strutbox@=\box28
\big@size=\dimen105
LaTeX Font Info:    Redeclaring font encoding OML on input line 729.
LaTeX Font Info:    Redeclaring font encoding OMS on input line 730.
\macc@depth=\count93
\c@MaxMatrixCols=\count94
\dotsspace@=\muskip10
\c@parentequation=\count95
\dspbrk@lvl=\count96
\tag@help=\toks15
\row@=\count97
\column@=\count98
\maxfields@=\count99
\andhelp@=\toks16
\eqnshift@=\dimen106
\alignsep@=\dimen107
\tagshift@=\dimen108
\tagwidth@=\dimen109
\totwidth@=\dimen110
\lineht@=\dimen111
\@envbody=\toks17
\multlinegap=\skip44
\multlinetaggap=\skip45
\mathdisplay@stack=\toks18
LaTeX Info: Redefining \[ on input line 2844.
LaTeX Info: Redefining \] on input line 2845.
)
(/usr/local/texlive/2019/texmf-dist/tex/latex/graphics/graphicx.sty
Package: graphicx 2017/06/01 v1.1a Enhanced LaTeX Graphics (DPC,SPQR)

(/usr/local/texlive/2019/texmf-dist/tex/latex/graphics/keyval.sty
Package: keyval 2014/10/28 v1.15 key=value parser (DPC)
\KV@toks@=\toks19
)
(/usr/local/texlive/2019/texmf-dist/tex/latex/graphics/graphics.sty
Package: graphics 2017/06/25 v1.2c Standard LaTeX Graphics (DPC,SPQR)

(/usr/local/texlive/2019/texmf-dist/tex/latex/graphics/trig.sty
Package: trig 2016/01/03 v1.10 sin cos tan (DPC)
)
(/usr/local/texlive/2019/texmf-dist/tex/latex/graphics-cfg/graphics.cfg
File: graphics.cfg 2016/06/04 v1.11 sample graphics configuration
)
Package graphics Info: Driver file: pdftex.def on input line 99.

(/usr/local/texlive/2019/texmf-dist/tex/latex/graphics-def/pdftex.def
File: pdftex.def 2018/01/08 v1.0l Graphics/color driver for pdftex
))
\Gin@req@height=\dimen112
\Gin@req@width=\dimen113
)
(/usr/local/texlive/2019/texmf-dist/tex/latex/amscls/amsthm.sty
Package: amsthm 2017/10/31 v2.20.4
\thm@style=\toks20
\thm@bodyfont=\toks21
\thm@headfont=\toks22
\thm@notefont=\toks23
\thm@headpunct=\toks24
\thm@preskip=\skip46
\thm@postskip=\skip47
\thm@headsep=\skip48
\dth@everypar=\toks25
)
(/usr/local/texlive/2019/texmf-dist/tex/latex/amsfonts/amssymb.sty
Package: amssymb 2013/01/14 v3.01 AMS font symbols

(/usr/local/texlive/2019/texmf-dist/tex/latex/amsfonts/amsfonts.sty
Package: amsfonts 2013/01/14 v3.01 Basic AMSFonts support
\symAMSa=\mathgroup4
\symAMSb=\mathgroup5
LaTeX Font Info:    Overwriting math alphabet `\mathfrak' in version `bold'
(Font)                  U/euf/m/n --> U/euf/b/n on input line 106.
))
(/usr/local/texlive/2019/texmf-dist/tex/latex/tools/bm.sty
Package: bm 2017/01/16 v1.2c Bold Symbol Support (DPC/FMi)
\symboldoperators=\mathgroup6
\symboldletters=\mathgroup7
\symboldsymbols=\mathgroup8
LaTeX Font Info:    Redeclaring math alphabet \mathbf on input line 141.
LaTeX Info: Redefining \bm on input line 207.
)
(/usr/local/texlive/2019/texmf-dist/tex/latex/tools/multicol.sty
Package: multicol 2018/12/27 v1.8v multicolumn formatting (FMi)
\c@tracingmulticols=\count100
\mult@box=\box29
\multicol@leftmargin=\dimen114
\c@unbalance=\count101
\c@collectmore=\count102
\doublecol@number=\count103
\multicoltolerance=\count104
\multicolpretolerance=\count105
\full@width=\dimen115
\page@free=\dimen116
\premulticols=\dimen117
\postmulticols=\dimen118
\multicolsep=\skip49
\multicolbaselineskip=\skip50
\partial@page=\box30
\last@line=\box31
\maxbalancingoverflow=\dimen119
\mult@rightbox=\box32
\mult@grightbox=\box33
\mult@gfirstbox=\box34
\mult@firstbox=\box35
\@tempa=\box36
\@tempa=\box37
\@tempa=\box38
\@tempa=\box39
\@tempa=\box40
\@tempa=\box41
\@tempa=\box42
\@tempa=\box43
\@tempa=\box44
\@tempa=\box45
\@tempa=\box46
\@tempa=\box47
\@tempa=\box48
\@tempa=\box49
\@tempa=\box50
\@tempa=\box51
\@tempa=\box52
\c@columnbadness=\count106
\c@finalcolumnbadness=\count107
\last@try=\dimen120
\multicolovershoot=\dimen121
\multicolundershoot=\dimen122
\mult@nat@firstbox=\box53
\colbreak@box=\box54
\mc@col@check@num=\count108
)
(/usr/local/texlive/2019/texmf-dist/tex/latex/wrapfig/wrapfig.sty
\wrapoverhang=\dimen123
\WF@size=\dimen124
\c@WF@wrappedlines=\count109
\WF@box=\box55
\WF@everypar=\toks26
Package: wrapfig 2003/01/31  v 3.6
)
(/usr/local/texlive/2019/texmf-dist/tex/latex/paralist/paralist.sty
Package: paralist 2017/01/22 v2.7 Extended list environments
\pltopsep=\skip51
\plpartopsep=\skip52
\plitemsep=\skip53
\plparsep=\skip54
\pl@lab=\toks27
)
(/usr/local/texlive/2019/texmf-dist/tex/latex/graphics/epsfig.sty
Package: epsfig 2017/06/25 v1.7b (e)psfig emulation (SPQR)
\epsfxsize=\dimen125
\epsfysize=\dimen126
)
(/usr/local/texlive/2019/texmf-dist/tex/generic/ulem/ulem.sty
\UL@box=\box56
\UL@hyphenbox=\box57
\UL@skip=\skip55
\UL@hook=\toks28
\UL@height=\dimen127
\UL@pe=\count110
\UL@pixel=\dimen128
\ULC@box=\box58
Package: ulem 2012/05/18
\ULdepth=\dimen129
)
(/usr/local/texlive/2019/texmf-dist/tex/latex/graphics/color.sty
Package: color 2016/07/10 v1.1e Standard LaTeX Color (DPC)

(/usr/local/texlive/2019/texmf-dist/tex/latex/graphics-cfg/color.cfg
File: color.cfg 2016/01/02 v1.6 sample color configuration
)
Package color Info: Driver file: pdftex.def on input line 147.
)
(/usr/local/texlive/2019/texmf-dist/tex/latex/geometry/geometry.sty
Package: geometry 2018/04/16 v5.8 Page Geometry

(/usr/local/texlive/2019/texmf-dist/tex/generic/oberdiek/ifpdf.sty
Package: ifpdf 2018/09/07 v3.3 Provides the ifpdf switch
)
(/usr/local/texlive/2019/texmf-dist/tex/generic/oberdiek/ifvtex.sty
Package: ifvtex 2016/05/16 v1.6 Detect VTeX and its facilities (HO)
Package ifvtex Info: VTeX not detected.
)
(/usr/local/texlive/2019/texmf-dist/tex/generic/ifxetex/ifxetex.sty
Package: ifxetex 2010/09/12 v0.6 Provides ifxetex conditional
)
\Gm@cnth=\count111
\Gm@cntv=\count112
\c@Gm@tempcnt=\count113
\Gm@bindingoffset=\dimen130
\Gm@wd@mp=\dimen131
\Gm@odd@mp=\dimen132
\Gm@even@mp=\dimen133
\Gm@layoutwidth=\dimen134
\Gm@layoutheight=\dimen135
\Gm@layouthoffset=\dimen136
\Gm@layoutvoffset=\dimen137
\Gm@dimlist=\toks29
)
\c@theorem=\count114

(/usr/local/texlive/2019/texmf-dist/tex/latex/setspace/setspace.sty
Package: setspace 2011/12/19 v6.7a set line spacing
)

LaTeX Warning: Unused global option(s):
    [preprint].

No file Slow_passage_PWL.aux.
\openout1 = `Slow_passage_PWL.aux'.

LaTeX Font Info:    Checking defaults for OML/cmm/m/it on input line 62.
LaTeX Font Info:    ... okay on input line 62.
LaTeX Font Info:    Checking defaults for T1/cmr/m/n on input line 62.
LaTeX Font Info:    ... okay on input line 62.
LaTeX Font Info:    Checking defaults for OT1/cmr/m/n on input line 62.
LaTeX Font Info:    ... okay on input line 62.
LaTeX Font Info:    Checking defaults for OMS/cmsy/m/n on input line 62.
LaTeX Font Info:    ... okay on input line 62.
LaTeX Font Info:    Checking defaults for OMX/cmex/m/n on input line 62.
LaTeX Font Info:    ... okay on input line 62.
LaTeX Font Info:    Checking defaults for U/cmr/m/n on input line 62.
LaTeX Font Info:    ... okay on input line 62.
(/usr/local/texlive/2019/texmf-dist/tex/context/base/mkii/supp-pdf.mkii
[Loading MPS to PDF converter (version 2006.09.02).]
\scratchcounter=\count115
\scratchdimen=\dimen138
\scratchbox=\box59
\nofMPsegments=\count116
\nofMParguments=\count117
\everyMPshowfont=\toks30
\MPscratchCnt=\count118
\MPscratchDim=\dimen139
\MPnumerator=\count119
\makeMPintoPDFobject=\count120
\everyMPtoPDFconversion=\toks31
) (/usr/local/texlive/2019/texmf-dist/tex/latex/oberdiek/epstopdf-base.sty
Package: epstopdf-base 2016/05/15 v2.6 Base part for package epstopdf

(/usr/local/texlive/2019/texmf-dist/tex/generic/oberdiek/infwarerr.sty
Package: infwarerr 2016/05/16 v1.4 Providing info/warning/error messages (HO)
)
(/usr/local/texlive/2019/texmf-dist/tex/latex/oberdiek/grfext.sty
Package: grfext 2016/05/16 v1.2 Manage graphics extensions (HO)

(/usr/local/texlive/2019/texmf-dist/tex/generic/oberdiek/kvdefinekeys.sty
Package: kvdefinekeys 2016/05/16 v1.4 Define keys (HO)

(/usr/local/texlive/2019/texmf-dist/tex/generic/oberdiek/ltxcmds.sty
Package: ltxcmds 2016/05/16 v1.23 LaTeX kernel commands for general use (HO)
)))
(/usr/local/texlive/2019/texmf-dist/tex/latex/oberdiek/kvoptions.sty
Package: kvoptions 2016/05/16 v3.12 Key value format for package options (HO)

(/usr/local/texlive/2019/texmf-dist/tex/generic/oberdiek/kvsetkeys.sty
Package: kvsetkeys 2016/05/16 v1.17 Key value parser (HO)

(/usr/local/texlive/2019/texmf-dist/tex/generic/oberdiek/etexcmds.sty
Package: etexcmds 2016/05/16 v1.6 Avoid name clashes with e-TeX commands (HO)

(/usr/local/texlive/2019/texmf-dist/tex/generic/oberdiek/ifluatex.sty
Package: ifluatex 2016/05/16 v1.4 Provides the ifluatex switch (HO)
Package ifluatex Info: LuaTeX not detected.
))))
(/usr/local/texlive/2019/texmf-dist/tex/generic/oberdiek/pdftexcmds.sty
Package: pdftexcmds 2018/09/10 v0.29 Utility functions of pdfTeX for LuaTeX (HO
)
Package pdftexcmds Info: LuaTeX not detected.
Package pdftexcmds Info: \pdf@primitive is available.
Package pdftexcmds Info: \pdf@ifprimitive is available.
Package pdftexcmds Info: \pdfdraftmode found.
)
Package epstopdf-base Info: Redefining graphics rule for `.eps' on input line 4
38.
Package grfext Info: Graphics extension search list:
(grfext)             [.pdf,.png,.jpg,.mps,.jpeg,.jbig2,.jb2,.PDF,.PNG,.JPG,.JPE
G,.JBIG2,.JB2,.eps]
(grfext)             \AppendGraphicsExtensions on input line 456.

(/usr/local/texlive/2019/texmf-dist/tex/latex/latexconfig/epstopdf-sys.cfg
File: epstopdf-sys.cfg 2010/07/13 v1.3 Configuration of (r)epstopdf for TeX Liv
e
))
*geometry* driver: auto-detecting
*geometry* detected driver: pdftex
*geometry* verbose mode - [ preamble ] result:
* driver: pdftex
* paper: a4paper
* layout: <same size as paper>
* layoutoffset:(h,v)=(0.0pt,0.0pt)
* modes: 
* h-part:(L,W,R)=(85.35826pt, 426.79135pt, 85.35826pt)
* v-part:(T,H,B)=(85.35826pt, 674.33032pt, 85.35826pt)
* \paperwidth=597.50787pt
* \paperheight=845.04684pt
* \textwidth=426.79135pt
* \textheight=674.33032pt
* \oddsidemargin=13.08827pt
* \evensidemargin=13.08827pt
* \topmargin=-23.91173pt
* \headheight=12.0pt
* \headsep=25.0pt
* \topskip=11.0pt
* \footskip=30.0pt
* \marginparwidth=50.0pt
* \marginparsep=10.0pt
* \columnsep=10.0pt
* \skip\footins=10.0pt plus 4.0pt minus 2.0pt
* \hoffset=0.0pt
* \voffset=0.0pt
* \mag=1000
* \@twocolumnfalse
* \@twosidefalse
* \@mparswitchfalse
* \@reversemarginfalse
* (1in=72.27pt=25.4mm, 1cm=28.453pt)

LaTeX Font Info:    Try loading font information for U+msa on input line 65.
(/usr/local/texlive/2019/texmf-dist/tex/latex/amsfonts/umsa.fd
File: umsa.fd 2013/01/14 v3.01 AMS symbols A
)
LaTeX Font Info:    Try loading font information for U+msb on input line 65.

(/usr/local/texlive/2019/texmf-dist/tex/latex/amsfonts/umsb.fd
File: umsb.fd 2013/01/14 v3.01 AMS symbols B
)
No file Slow_passage_PWL.toc.
\tf@toc=\write3
\openout3 = `Slow_passage_PWL.toc'.

[1

{/usr/local/texlive/2019/texmf-var/fonts/map/pdftex/updmap/pdftex.map}]
Package epstopdf Info: Source file: <Sp_PWL_dibu1.eps>
(epstopdf)                    date: 2020-11-05 16:10:31
(epstopdf)                    size: 50641 bytes
(epstopdf)             Output file: <Sp_PWL_dibu1-eps-converted-to.pdf>
(epstopdf)                    date: 2020-11-05 16:10:31
(epstopdf)                    size: 18079 bytes
(epstopdf)             Command: <repstopdf --outfile=Sp_PWL_dibu1-eps-converted
-to.pdf Sp_PWL_dibu1.eps>
(epstopdf)             \includegraphics on input line 109.
Package epstopdf Info: Output file is already uptodate.


pdfTeX warning: /Library/TeX/texbin/pdflatex (file ./Sp_PWL_dibu1-eps-converted
-to.pdf): PDF inclusion: found PDF version <1.7>, but at most version <1.5> all
owed
<Sp_PWL_dibu1-eps-converted-to.pdf, id=10, 170.6375pt x 141.52875pt>
File: Sp_PWL_dibu1-eps-converted-to.pdf Graphic file (type pdf)
<use Sp_PWL_dibu1-eps-converted-to.pdf>
Package pdftex.def Info: Sp_PWL_dibu1-eps-converted-to.pdf  used on input line 
109.
(pdftex.def)             Requested size: 256.0748pt x 212.40488pt.
Package epstopdf Info: Source file: <Sp_PWL_dibu2.eps>
(epstopdf)                    date: 2020-11-05 16:10:31
(epstopdf)                    size: 110192 bytes
(epstopdf)             Output file: <Sp_PWL_dibu2-eps-converted-to.pdf>
(epstopdf)                    date: 2020-11-05 16:10:31
(epstopdf)                    size: 44921 bytes
(epstopdf)             Command: <repstopdf --outfile=Sp_PWL_dibu2-eps-converted
-to.pdf Sp_PWL_dibu2.eps>
(epstopdf)             \includegraphics on input line 116.
Package epstopdf Info: Output file is already uptodate.


pdfTeX warning: /Library/TeX/texbin/pdflatex (file ./Sp_PWL_dibu2-eps-converted
-to.pdf): PDF inclusion: found PDF version <1.7>, but at most version <1.5> all
owed
<Sp_PWL_dibu2-eps-converted-to.pdf, id=11, 170.6375pt x 141.52875pt>
File: Sp_PWL_dibu2-eps-converted-to.pdf Graphic file (type pdf)
<use Sp_PWL_dibu2-eps-converted-to.pdf>
Package pdftex.def Info: Sp_PWL_dibu2-eps-converted-to.pdf  used on input line 
116.
(pdftex.def)             Requested size: 184.9429pt x 153.40376pt.
Package epstopdf Info: Source file: <Sp_PWL_dibu3.eps>
(epstopdf)                    date: 2020-11-05 16:10:31
(epstopdf)                    size: 117869 bytes
(epstopdf)             Output file: <Sp_PWL_dibu3-eps-converted-to.pdf>
(epstopdf)                    date: 2020-11-05 16:10:31
(epstopdf)                    size: 49788 bytes
(epstopdf)             Command: <repstopdf --outfile=Sp_PWL_dibu3-eps-converted
-to.pdf Sp_PWL_dibu3.eps>
(epstopdf)             \includegraphics on input line 118.
Package epstopdf Info: Output file is already uptodate.


pdfTeX warning: /Library/TeX/texbin/pdflatex (file ./Sp_PWL_dibu3-eps-converted
-to.pdf): PDF inclusion: found PDF version <1.7>, but at most version <1.5> all
owed
<Sp_PWL_dibu3-eps-converted-to.pdf, id=12, 170.6375pt x 141.52875pt>
File: Sp_PWL_dibu3-eps-converted-to.pdf Graphic file (type pdf)
<use Sp_PWL_dibu3-eps-converted-to.pdf>
Package pdftex.def Info: Sp_PWL_dibu3-eps-converted-to.pdf  used on input line 
118.
(pdftex.def)             Requested size: 184.9429pt x 153.40376pt.

LaTeX Warning: `!h' float specifier changed to `!ht'.

Package epstopdf Info: Source file: <Sp_PWL_dibu4.eps>
(epstopdf)                    date: 2020-11-05 16:10:31
(epstopdf)                    size: 71858 bytes
(epstopdf)             Output file: <Sp_PWL_dibu4-eps-converted-to.pdf>
(epstopdf)                    date: 2020-11-05 16:10:31
(epstopdf)                    size: 18791 bytes
(epstopdf)             Command: <repstopdf --outfile=Sp_PWL_dibu4-eps-converted
-to.pdf Sp_PWL_dibu4.eps>
(epstopdf)             \includegraphics on input line 140.
Package epstopdf Info: Output file is already uptodate.


pdfTeX warning: /Library/TeX/texbin/pdflatex (file ./Sp_PWL_dibu4-eps-converted
-to.pdf): PDF inclusion: found PDF version <1.7>, but at most version <1.5> all
owed
<Sp_PWL_dibu4-eps-converted-to.pdf, id=13, 624.3325pt x 372.39125pt>
File: Sp_PWL_dibu4-eps-converted-to.pdf Graphic file (type pdf)
<use Sp_PWL_dibu4-eps-converted-to.pdf>
Package pdftex.def Info: Sp_PWL_dibu4-eps-converted-to.pdf  used on input line 
140.
(pdftex.def)             Requested size: 227.62204pt x 135.76541pt.
[2 <./Sp_PWL_dibu1-eps-converted-to.pdf>]
Overfull \hbox (35.05127pt too wide) detected at line 170
[]
 []

[3 <./Sp_PWL_dibu2-eps-converted-to.pdf> <./Sp_PWL_dibu3-eps-converted-to.pdf>]
<m02e005.png, id=42, 609.77812pt x 370.38374pt>
File: m02e005.png Graphic file (type png)
<use m02e005.png>
Package pdftex.def Info: m02e005.png  used on input line 206.
(pdftex.def)             Requested size: 121.95346pt x 74.07542pt.
<m02e001.png, id=44, 609.77812pt x 370.38374pt>
File: m02e001.png Graphic file (type png)
<use m02e001.png>
Package pdftex.def Info: m02e001.png  used on input line 206.
(pdftex.def)             Requested size: 121.95346pt x 74.07542pt.
<m02e0005.png, id=45, 616.10175pt x 370.38374pt>
File: m02e0005.png Graphic file (type png)
<use m02e0005.png>
Package pdftex.def Info: m02e0005.png  used on input line 206.
(pdftex.def)             Requested size: 123.21815pt x 74.07542pt.
<m1e005.png, id=46, 622.42537pt x 370.38374pt>
File: m1e005.png Graphic file (type png)
<use m1e005.png>
Package pdftex.def Info: m1e005.png  used on input line 208.
(pdftex.def)             Requested size: 124.48286pt x 74.07542pt.
<m1e001.png, id=47, 623.32875pt x 370.38374pt>
File: m1e001.png Graphic file (type png)
<use m1e001.png>
Package pdftex.def Info: m1e001.png  used on input line 208.
(pdftex.def)             Requested size: 124.66353pt x 74.07542pt.
<m1e0005.png, id=48, 628.749pt x 370.38374pt>
File: m1e0005.png Graphic file (type png)
<use m1e0005.png>
Package pdftex.def Info: m1e0005.png  used on input line 208.
(pdftex.def)             Requested size: 125.74756pt x 74.07542pt.
<m175e005.png, id=49, 629.65237pt x 370.38374pt>
File: m175e005.png Graphic file (type png)
<use m175e005.png>
Package pdftex.def Info: m175e005.png  used on input line 210.
(pdftex.def)             Requested size: 125.92824pt x 74.07542pt.
<m175e001.png, id=50, 629.65237pt x 370.38374pt>
File: m175e001.png Graphic file (type png)
<use m175e001.png>
Package pdftex.def Info: m175e001.png  used on input line 210.
(pdftex.def)             Requested size: 125.92824pt x 74.07542pt.
<m175e0005.png, id=51, 629.65237pt x 370.38374pt>
File: m175e0005.png Graphic file (type png)
<use m175e0005.png>
Package pdftex.def Info: m175e0005.png  used on input line 210.
(pdftex.def)             Requested size: 125.92824pt x 74.07542pt.
<m25e005.png, id=52, 623.32875pt x 370.38374pt>
File: m25e005.png Graphic file (type png)
<use m25e005.png>
Package pdftex.def Info: m25e005.png  used on input line 212.
(pdftex.def)             Requested size: 124.66353pt x 74.07542pt.
<m25e001.png, id=53, 623.32875pt x 370.38374pt>
File: m25e001.png Graphic file (type png)
<use m25e001.png>
Package pdftex.def Info: m25e001.png  used on input line 212.
(pdftex.def)             Requested size: 124.66353pt x 74.07542pt.
<m25e0005.png, id=54, 629.65237pt x 370.38374pt>
File: m25e0005.png Graphic file (type png)
<use m25e0005.png>
Package pdftex.def Info: m25e0005.png  used on input line 212.
(pdftex.def)             Requested size: 125.92824pt x 74.07542pt.
[4 <./Sp_PWL_dibu4-eps-converted-to.pdf>] [5 <./m02e005.png> <./m02e001.png> <.
/m02e0005.png> <./m1e005.png> <./m1e001.png> <./m1e0005.png> <./m175e005.png> <
./m175e001.png> <./m175e0005.png> <./m25e005.png> <./m25e001.png> <./m25e0005.p
ng>] [6] [7] [8]
Overfull \hbox (1.26338pt too wide) detected at line 383
[]
 []

<Corba_y-y0_z-z0_0_6.png, id=90, 610.6815pt x 370.38374pt>
File: Corba_y-y0_z-z0_0_6.png Graphic file (type png)
<use Corba_y-y0_z-z0_0_6.png>
Package pdftex.def Info: Corba_y-y0_z-z0_0_6.png  used on input line 397.
(pdftex.def)             Requested size: 213.74173pt x 129.63625pt.
<Corba_y-y0_z-z0_0_8.png, id=91, 609.77812pt x 370.38374pt>
File: Corba_y-y0_z-z0_0_8.png Graphic file (type png)
<use Corba_y-y0_z-z0_0_8.png>
Package pdftex.def Info: Corba_y-y0_z-z0_0_8.png  used on input line 398.
(pdftex.def)             Requested size: 213.42554pt x 129.63625pt.
<Corba_y-y0_z-z0_1.png, id=92, 609.77812pt x 370.38374pt>
File: Corba_y-y0_z-z0_1.png Graphic file (type png)
<use Corba_y-y0_z-z0_1.png>
Package pdftex.def Info: Corba_y-y0_z-z0_1.png  used on input line 400.
(pdftex.def)             Requested size: 213.42554pt x 129.63625pt.
<Corba_y-y0_z-z0_4.png, id=93, 616.10175pt x 370.38374pt>
File: Corba_y-y0_z-z0_4.png Graphic file (type png)
<use Corba_y-y0_z-z0_4.png>
Package pdftex.def Info: Corba_y-y0_z-z0_4.png  used on input line 401.
(pdftex.def)             Requested size: 215.63884pt x 129.63625pt.
<Corba_y-y0_z-z0_8.png, id=94, 617.00513pt x 370.38374pt>
File: Corba_y-y0_z-z0_8.png Graphic file (type png)
<use Corba_y-y0_z-z0_8.png>
Package pdftex.def Info: Corba_y-y0_z-z0_8.png  used on input line 403.
(pdftex.def)             Requested size: 215.95502pt x 129.63625pt.
<Corba_y-y0_z-z0_10.png, id=95, 617.00513pt x 370.38374pt>
File: Corba_y-y0_z-z0_10.png Graphic file (type png)
<use Corba_y-y0_z-z0_10.png>
Package pdftex.def Info: Corba_y-y0_z-z0_10.png  used on input line 404.
(pdftex.def)             Requested size: 215.95502pt x 129.63625pt.

Overfull \hbox (29.11868pt too wide) in paragraph at lines 396--408
 [] 
 []

[9]
<CorbaMarcada.png, id=99, 610.6815pt x 370.38374pt>
File: CorbaMarcada.png Graphic file (type png)
<use CorbaMarcada.png>
Package pdftex.def Info: CorbaMarcada.png  used on input line 412.
(pdftex.def)             Requested size: 213.74173pt x 129.63625pt.
<Elipse_Espiralt.png, id=100, 15.88351pt x 12.20914pt>
File: Elipse_Espiralt.png Graphic file (type png)
<use Elipse_Espiralt.png>
Package pdftex.def Info: Elipse_Espiralt.png  used on input line 413.
(pdftex.def)             Requested size: 174.71799pt x 134.3pt.
 [10 <./Corba_y-y0_z-z0_0_6.png> <./Corba_y-y0_z-z0_0_8.png> <./Corba_y-y0_z-z0
_1.png> <./Corba_y-y0_z-z0_4.png> <./Corba_y-y0_z-z0_8.png> <./Corba_y-y0_z-z0_
10.png> <./CorbaMarcada.png> <./Elipse_Espiralt.png>]

LaTeX Warning: File `Slow_Passage/hatz_t.png' not found on input line 446.


./Slow_passage_PWL.tex:446: Package pdftex.def Error: File `Slow_Passage/hatz_t
.png' not found: using draft setting.

See the pdftex.def package documentation for explanation.
Type  H <return>  for immediate help.
 ...                                              
                                                  
l.446 ...phics[scale=0.6]{Slow_Passage/hatz_t.png}
                                                  
? 
./Slow_passage_PWL.tex:446: Emergency stop.
 ...                                              
                                                  
l.446 ...phics[scale=0.6]{Slow_Passage/hatz_t.png}
                                                  
Try typing  <return>  to proceed.
If that doesn't work, type  X <return>  to quit.

 
Here is how much of TeX's memory you used:
 3630 strings out of 492616
 50209 string characters out of 6129481
 133484 words of memory out of 5000000
 7442 multiletter control sequences out of 15000+600000
 15232 words of font info for 56 fonts, out of 8000000 for 9000
 1141 hyphenation exceptions out of 8191
 41i,13n,32p,890b,303s stack positions out of 5000i,500n,10000p,200000b,80000s
./Slow_passage_PWL.tex:446:  ==> Fatal error occurred, no output PDF file produ
ced!
